<?xml version="1.0" encoding="UTF-8"?>
<testsuite xmlns:xsi="http://www.w3.org/2001/XMLSchema-instance" xsi:noNamespaceSchemaLocation="https://maven.apache.org/surefire/maven-surefire-plugin/xsd/surefire-test-report-3.0.xsd" version="3.0" name="com.example.demo_harness.DemoHarnessApplicationTests" time="1.471" tests="1" errors="0" skipped="0" failures="0">
  <properties>
[...]
</properties>
  <testcase name="contextLoads" classname="com.example.demo_harness.DemoHarnessApplicationTests" time="0.546">
    <system-out><![CDATA[14:47:31.032 [main] INFO org.springframework.test.context.support.AnnotationConfigContextLoaderUtils -- Could not detect default configuration classes for test class [com.example.demo_harness.DemoHarnessApplicationTests]: DemoHarnessApplicationTests does not declare any static, non-private, non-final, nested classes annotated with @Configuration.
14:47:31.091 [main] INFO org.springframework.boot.test.context.SpringBootTestContextBootstrapper -- Found @SpringBootConfiguration com.example.demo_harness.DemoHarnessApplication for test class com.example.demo_harness.DemoHarnessApplicationTests
14:47:31.153 [main] INFO org.springframework.boot.devtools.restart.RestartApplicationListener -- Restart disabled due to context in which it is running

  .   ____          _            __ _ _
 /\\ / ___'_ __ _ _(_)_ __  __ _ \ \ \ \
( ( )\___ | '_ | '_| | '_ \/ _` | \ \ \ \
 \\/  ___)| |_)| | | | | || (_| |  ) ) ) )
  '  |____| .__|_| |_|_| |_\__, | / / / /
 =========|_|==============|___/=/_/_/_/

 :: Spring Boot ::                (v3.3.1)

2024-07-22T14:47:31.264+05:30  INFO 60314 --- [demo-harness] [           main] c.e.d.DemoHarnessApplicationTests        : Starting DemoHarnessApplicationTests using Java 17.0.11 with PID 60314 (started by sashfaqhussain in /Users/sashfaqhussain/Desktop/Trinet SDK/demo-harness)
2024-07-22T14:47:31.264+05:30  INFO 60314 --- [demo-harness] [           main] c.e.d.DemoHarnessApplicationTests        : No active profile set, falling back to 1 default profile: "default"
2024-07-22T14:47:31.595+05:30  INFO 60314 --- [demo-harness] [           main] i.h.cf.client.connector.LocalConnector   : LocalConnector initialized with source ./local
2024-07-22T14:47:31.608+05:30  INFO 60314 --- [demo-harness] [           main] io.harness.cf.client.api.CaffeineCache   : CaffeineCache initialized with size 10000
2024-07-22T14:47:31.609+05:30  INFO 60314 --- [demo-harness] [           main] io.harness.cf.client.api.InnerClient     : Starting SDK client with configuration: BaseConfig(streamEnabled=true, pollIntervalInSeconds=60, analyticsEnabled=true, globalTargetEnabled=true, frequency=60, bufferSize=2048, allAttributesPrivate=false, privateAttributes=[], debug=false, metricsServiceAcceptableDuration=10000, cache=io.harness.cf.client.api.CaffeineCache@48528634, store=null)
2024-07-22T14:47:31.609+05:30  INFO 60314 --- [demo-harness] [           main] i.h.cf.client.connector.LocalConnector   : authenticate
2024-07-22T14:47:31.614+05:30  INFO 60314 --- [demo-harness] [           main] io.harness.cf.client.api.AuthService     : Authentication service initialized
2024-07-22T14:47:31.616+05:30 DEBUG 60314 --- [demo-harness] [           main] io.harness.cf.client.api.InnerClient     : MetricsProcessor ready
2024-07-22T14:47:31.616+05:30  INFO 60314 --- [demo-harness] [           main] i.harness.cf.client.api.UpdateProcessor  : Update processor initialized
2024-07-22T14:47:31.616+05:30  INFO 60314 --- [demo-harness] [           main] io.harness.cf.client.api.AuthService     : authentication started
2024-07-22T14:47:31.617+05:30  INFO 60314 --- [demo-harness] [           main] io.harness.cf.client.api.InnerClient     : Wait for initialization to finish
2024-07-22T14:47:31.617+05:30  INFO 60314 --- [demo-harness] [     AuthThread] i.h.cf.client.connector.LocalConnector   : authenticate
2024-07-22T14:47:31.617+05:30  INFO 60314 --- [demo-harness] [     AuthThread] io.harness.cf.client.common.SdkCodes     : SDKCODE(auth:2000): Authenticated ok 
2024-07-22T14:47:31.617+05:30 DEBUG 60314 --- [demo-harness] [     AuthThread] io.harness.cf.client.api.InnerClient     : SDK successfully logged in
2024-07-22T14:47:31.618+05:30 DEBUG 60314 --- [demo-harness] [     AuthThread] io.harness.cf.client.api.InnerClient     : start poller processor
2024-07-22T14:47:31.618+05:30  INFO 60314 --- [demo-harness] [     AuthThread] io.harness.cf.client.common.SdkCodes     : SDKCODE(poll:4000): Polling started, intervalMs: 60000
2024-07-22T14:47:31.618+05:30 DEBUG 60314 --- [demo-harness] [     PollThread] i.h.cf.client.api.PollingProcessor       : running poll iteration
2024-07-22T14:47:31.618+05:30 DEBUG 60314 --- [demo-harness] [     AuthThread] io.harness.cf.client.api.InnerClient     : Stream enabled, start update processor
2024-07-22T14:47:31.618+05:30  INFO 60314 --- [demo-harness] [     AuthThread] i.harness.cf.client.api.UpdateProcessor  : Starting updater (EventSource)
2024-07-22T14:47:31.618+05:30 DEBUG 60314 --- [demo-harness] [     AuthThread] i.h.cf.client.connector.LocalConnector   : Initializing stream
2024-07-22T14:47:31.618+05:30 DEBUG 60314 --- [demo-harness] [     PollThread] i.h.cf.client.api.PollingProcessor       : Fetching flags started
2024-07-22T14:47:31.619+05:30 DEBUG 60314 --- [demo-harness] [     PollThread] i.h.cf.client.connector.LocalConnector   : List files in ./local with flags
2024-07-22T14:47:31.619+05:30 DEBUG 60314 --- [demo-harness] [     PollThread] i.h.cf.client.connector.LocalConnector   : List files successfully executed
2024-07-22T14:47:31.620+05:30  INFO 60314 --- [demo-harness] [     AuthThread] i.h.cf.client.connector.FileWatcher      : FileWatcher initialized with path ./local/flags/flag
2024-07-22T14:47:31.620+05:30 DEBUG 60314 --- [demo-harness] [     PollThread] i.h.cf.client.connector.LocalConnector   : Loading file ./local/flags/flags.json
2024-07-22T14:47:31.620+05:30  INFO 60314 --- [demo-harness] [     AuthThread] i.h.cf.client.connector.FileWatcher      : FileWatcher initialized with path ./local/segments/target-segment
2024-07-22T14:47:31.621+05:30 DEBUG 60314 --- [demo-harness] [     AuthThread] io.harness.cf.client.api.InnerClient     : onReady triggered
2024-07-22T14:47:31.621+05:30 DEBUG 60314 --- [demo-harness] [     AuthThread] io.harness.cf.client.api.InnerClient     : Updater ready
2024-07-22T14:47:31.621+05:30  INFO 60314 --- [demo-harness] [     AuthThread] i.h.cf.client.connector.LocalConnector   : FileWatcherService initialized
2024-07-22T14:47:31.621+05:30 DEBUG 60314 --- [demo-harness] [     AuthThread] i.h.cf.client.connector.LocalConnector   : Stream successfully initialized
2024-07-22T14:47:31.621+05:30 DEBUG 60314 --- [demo-harness] [     PollThread] i.h.cf.client.connector.LocalConnector   : File was successfully loaded ./local/flags/flags.json
2024-07-22T14:47:31.621+05:30  INFO 60314 --- [demo-harness] [     AuthThread] i.h.cf.client.connector.LocalConnector   : FileWatcherService starting
2024-07-22T14:47:31.621+05:30 DEBUG 60314 --- [demo-harness] [     AuthThread] i.h.cf.client.connector.FileWatcher      : starting monitor
2024-07-22T14:47:31.621+05:30 DEBUG 60314 --- [demo-harness] [     AuthThread] i.h.cf.client.connector.FileWatcher      : monitor started
2024-07-22T14:47:31.621+05:30 DEBUG 60314 --- [demo-harness] [     AuthThread] i.h.cf.client.connector.FileWatcher      : starting monitor
2024-07-22T14:47:31.621+05:30 DEBUG 60314 --- [demo-harness] [       Thread-3] i.h.cf.client.connector.FileWatcher      : waiting for create event
2024-07-22T14:47:31.621+05:30 DEBUG 60314 --- [demo-harness] [     AuthThread] i.h.cf.client.connector.FileWatcher      : monitor started
2024-07-22T14:47:31.621+05:30 DEBUG 60314 --- [demo-harness] [       Thread-4] i.h.cf.client.connector.FileWatcher      : waiting for create event
2024-07-22T14:47:31.621+05:30  INFO 60314 --- [demo-harness] [     AuthThread] io.harness.cf.client.common.SdkCodes     : SDKCODE(stream:5000): SSE stream connected ok 
2024-07-22T14:47:31.621+05:30 DEBUG 60314 --- [demo-harness] [     AuthThread] i.h.cf.client.api.PollingProcessor       : Fetching flags started
2024-07-22T14:47:31.621+05:30 DEBUG 60314 --- [demo-harness] [     AuthThread] i.h.cf.client.connector.LocalConnector   : List files in ./local with flags
2024-07-22T14:47:31.622+05:30 DEBUG 60314 --- [demo-harness] [     AuthThread] i.h.cf.client.connector.LocalConnector   : List files successfully executed
2024-07-22T14:47:31.622+05:30 DEBUG 60314 --- [demo-harness] [     AuthThread] i.h.cf.client.connector.LocalConnector   : Loading file ./local/flags/flags.json
2024-07-22T14:47:31.622+05:30 DEBUG 60314 --- [demo-harness] [     AuthThread] i.h.cf.client.connector.LocalConnector   : File was successfully loaded ./local/flags/flags.json
2024-07-22T14:47:31.628+05:30  INFO 60314 --- [demo-harness] [     PollThread] i.h.cf.client.connector.LocalConnector   : Flags successfully loaded from ./local/flags
2024-07-22T14:47:31.628+05:30  INFO 60314 --- [demo-harness] [     AuthThread] i.h.cf.client.connector.LocalConnector   : Flags successfully loaded from ./local/flags
2024-07-22T14:47:31.628+05:30 DEBUG 60314 --- [demo-harness] [     PollThread] i.h.cf.client.api.PollingProcessor       : Fetching flags finished
2024-07-22T14:47:31.628+05:30 DEBUG 60314 --- [demo-harness] [     AuthThread] i.h.cf.client.api.PollingProcessor       : Fetching flags finished
2024-07-22T14:47:31.629+05:30 DEBUG 60314 --- [demo-harness] [     AuthThread] io.harness.cf.client.api.CaffeineCache   : Key flags/flag1 not found in cache
2024-07-22T14:47:31.629+05:30 DEBUG 60314 --- [demo-harness] [     PollThread] io.harness.cf.client.api.CaffeineCache   : Key flags/flag1 not found in cache
2024-07-22T14:47:31.629+05:30 DEBUG 60314 --- [demo-harness] [     AuthThread] i.h.cf.client.api.StorageRepository      : Flag is outdated flag1
2024-07-22T14:47:31.629+05:30 DEBUG 60314 --- [demo-harness] [     PollThread] i.h.cf.client.api.StorageRepository      : Flag is outdated flag1
2024-07-22T14:47:31.629+05:30 DEBUG 60314 --- [demo-harness] [     PollThread] io.harness.cf.client.api.CaffeineCache   : New value in the cache with key flags/flag1 and value class FeatureConfig {
    project: FeatureFlagsDemo
    environment: local
    feature: flag1
    state: on
    kind: boolean
    variations: [class Variation {
        identifier: true
        value: true
        name: Enable Page
        description: null
    }, class Variation {
        identifier: false
        value: false
        name: Disable Page
        description: null
    }]
    rules: []
    defaultServe: class Serve {
        distribution: null
        variation: true
    }
    offVariation: false
    prerequisites: []
    variationToTargetMap: null
    version: null
}
2024-07-22T14:47:31.630+05:30 DEBUG 60314 --- [demo-harness] [     AuthThread] io.harness.cf.client.api.CaffeineCache   : New value in the cache with key flags/flag1 and value class FeatureConfig {
    project: FeatureFlagsDemo
    environment: local
    feature: flag1
    state: on
    kind: boolean
    variations: [class Variation {
        identifier: true
        value: true
        name: Enable Page
        description: null
    }, class Variation {
        identifier: false
        value: false
        name: Disable Page
        description: null
    }]
    rules: []
    defaultServe: class Serve {
        distribution: null
        variation: true
    }
    offVariation: false
    prerequisites: []
    variationToTargetMap: null
    version: null
}
2024-07-22T14:47:31.630+05:30 DEBUG 60314 --- [demo-harness] [     PollThread] i.h.cf.client.api.StorageRepository      : Flag flag1 successfully cached
2024-07-22T14:47:31.630+05:30 DEBUG 60314 --- [demo-harness] [     AuthThread] i.h.cf.client.api.StorageRepository      : Flag flag1 successfully cached
2024-07-22T14:47:31.630+05:30 DEBUG 60314 --- [demo-harness] [     PollThread] i.h.cf.client.api.PollingProcessor       : Fetching segments started
2024-07-22T14:47:31.630+05:30 DEBUG 60314 --- [demo-harness] [     AuthThread] i.h.cf.client.api.PollingProcessor       : Fetching segments started
2024-07-22T14:47:31.630+05:30 DEBUG 60314 --- [demo-harness] [     PollThread] i.h.cf.client.connector.LocalConnector   : Loading target groups from path ./local/segments
2024-07-22T14:47:31.630+05:30 DEBUG 60314 --- [demo-harness] [     AuthThread] i.h.cf.client.connector.LocalConnector   : Loading target groups from path ./local/segments
2024-07-22T14:47:31.630+05:30 DEBUG 60314 --- [demo-harness] [     PollThread] i.h.cf.client.connector.LocalConnector   : List files in ./local with segments
2024-07-22T14:47:31.630+05:30 DEBUG 60314 --- [demo-harness] [     AuthThread] i.h.cf.client.connector.LocalConnector   : List files in ./local with segments
2024-07-22T14:47:31.630+05:30 DEBUG 60314 --- [demo-harness] [     PollThread] i.h.cf.client.connector.LocalConnector   : List files successfully executed
2024-07-22T14:47:31.631+05:30 DEBUG 60314 --- [demo-harness] [     AuthThread] i.h.cf.client.connector.LocalConnector   : List files successfully executed
2024-07-22T14:47:31.631+05:30 DEBUG 60314 --- [demo-harness] [     PollThread] i.h.cf.client.connector.LocalConnector   : Loading file ./local/segments/flags-segments.json
2024-07-22T14:47:31.631+05:30 DEBUG 60314 --- [demo-harness] [     AuthThread] i.h.cf.client.connector.LocalConnector   : Loading file ./local/segments/flags-segments.json
2024-07-22T14:47:31.639+05:30 DEBUG 60314 --- [demo-harness] [     PollThread] i.h.cf.client.connector.LocalConnector   : File was successfully loaded ./local/segments/flags-segments.json
2024-07-22T14:47:31.639+05:30 DEBUG 60314 --- [demo-harness] [     AuthThread] i.h.cf.client.connector.LocalConnector   : File was successfully loaded ./local/segments/flags-segments.json
2024-07-22T14:47:31.641+05:30 DEBUG 60314 --- [demo-harness] [     AuthThread] i.h.cf.client.connector.LocalConnector   : Target groups successfully loaded from ./local/segments
2024-07-22T14:47:31.641+05:30 DEBUG 60314 --- [demo-harness] [     PollThread] i.h.cf.client.connector.LocalConnector   : Target groups successfully loaded from ./local/segments
2024-07-22T14:47:31.641+05:30 DEBUG 60314 --- [demo-harness] [     AuthThread] i.h.cf.client.api.PollingProcessor       : Fetching segments finished
2024-07-22T14:47:31.641+05:30 DEBUG 60314 --- [demo-harness] [     PollThread] i.h.cf.client.api.PollingProcessor       : Fetching segments finished
2024-07-22T14:47:31.642+05:30 DEBUG 60314 --- [demo-harness] [     PollThread] io.harness.cf.client.api.CaffeineCache   : Key segments/string not found in cache
2024-07-22T14:47:31.642+05:30 DEBUG 60314 --- [demo-harness] [     AuthThread] io.harness.cf.client.api.CaffeineCache   : Key segments/string not found in cache
2024-07-22T14:47:31.642+05:30 DEBUG 60314 --- [demo-harness] [     PollThread] i.h.cf.client.api.StorageRepository      : Segment is outdated string
2024-07-22T14:47:31.642+05:30 DEBUG 60314 --- [demo-harness] [     AuthThread] i.h.cf.client.api.StorageRepository      : Segment is outdated string
2024-07-22T14:47:31.642+05:30 DEBUG 60314 --- [demo-harness] [     PollThread] io.harness.cf.client.api.CaffeineCache   : New value in the cache with key segments/string and value class Segment {
    identifier: string
    name: Beta Testers
    environment: Production
    tags: [class Tag {
        name: string
        value: string
    }]
    included: [class Target {
        identifier: john-doe
        account: abcXDdffdaffd
        org: string
        environment: string
        project: string
        name: John Doe
        anonymous: true
        attributes: {age=20.0, location=Belfast}
        createdAt: 0
        segments: [null]
    }]
    excluded: [class Target {
        identifier: john-doe
        account: abcXDdffdaffd
        org: string
        environment: string
        project: string
        name: John Doe
        anonymous: true
        attributes: {age=20.0, location=Belfast}
        createdAt: 0
        segments: [null]
    }]
    rules: [class Clause {
        id: 32434243
        attribute: identifier
        op: starts_with
        values: [string]
        negate: false
    }]
    createdAt: 0
    modifiedAt: 0
    version: 1
}
2024-07-22T14:47:31.642+05:30 DEBUG 60314 --- [demo-harness] [     AuthThread] io.harness.cf.client.api.CaffeineCache   : New value in the cache with key segments/string and value class Segment {
    identifier: string
    name: Beta Testers
    environment: Production
    tags: [class Tag {
        name: string
        value: string
    }]
    included: [class Target {
        identifier: john-doe
        account: abcXDdffdaffd
        org: string
        environment: string
        project: string
        name: John Doe
        anonymous: true
        attributes: {age=20.0, location=Belfast}
        createdAt: 0
        segments: [null]
    }]
    excluded: [class Target {
        identifier: john-doe
        account: abcXDdffdaffd
        org: string
        environment: string
        project: string
        name: John Doe
        anonymous: true
        attributes: {age=20.0, location=Belfast}
        createdAt: 0
        segments: [null]
    }]
    rules: [class Clause {
        id: 32434243
        attribute: identifier
        op: starts_with
        values: [string]
        negate: false
    }]
    createdAt: 0
    modifiedAt: 0
    version: 1
}
2024-07-22T14:47:31.642+05:30 DEBUG 60314 --- [demo-harness] [     PollThread] i.h.cf.client.api.StorageRepository      : Segment string successfully cached
2024-07-22T14:47:31.642+05:30 DEBUG 60314 --- [demo-harness] [     AuthThread] i.h.cf.client.api.StorageRepository      : Segment string successfully cached
2024-07-22T14:47:31.644+05:30 DEBUG 60314 --- [demo-harness] [     AuthThread] io.harness.cf.client.api.CaffeineCache   : Keys in cache [flags/flag1, segments/string]
2024-07-22T14:47:31.644+05:30 DEBUG 60314 --- [demo-harness] [     PollThread] io.harness.cf.client.api.CaffeineCache   : Keys in cache [flags/flag1, segments/string]
2024-07-22T14:47:31.644+05:30 DEBUG 60314 --- [demo-harness] [     AuthThread] io.harness.cf.client.api.CaffeineCache   : Key flags/flags/flag1 not found in cache
2024-07-22T14:47:31.644+05:30 DEBUG 60314 --- [demo-harness] [     PollThread] io.harness.cf.client.api.CaffeineCache   : Key flags/flags/flag1 not found in cache
2024-07-22T14:47:31.644+05:30 DEBUG 60314 --- [demo-harness] [     PollThread] i.h.cf.client.api.StorageRepository      : Flag not found flags/flag1, continue...
2024-07-22T14:47:31.644+05:30 DEBUG 60314 --- [demo-harness] [     AuthThread] i.h.cf.client.api.StorageRepository      : Flag not found flags/flag1, continue...
2024-07-22T14:47:31.644+05:30 DEBUG 60314 --- [demo-harness] [     AuthThread] io.harness.cf.client.api.CaffeineCache   : Key flags/segments/string not found in cache
2024-07-22T14:47:31.644+05:30 DEBUG 60314 --- [demo-harness] [     PollThread] io.harness.cf.client.api.CaffeineCache   : Key flags/segments/string not found in cache
2024-07-22T14:47:31.644+05:30 DEBUG 60314 --- [demo-harness] [     AuthThread] i.h.cf.client.api.StorageRepository      : Flag not found segments/string, continue...
2024-07-22T14:47:31.644+05:30 DEBUG 60314 --- [demo-harness] [     PollThread] i.h.cf.client.api.StorageRepository      : Flag not found segments/string, continue...
2024-07-22T14:47:31.644+05:30  INFO 60314 --- [demo-harness] [     AuthThread] i.h.cf.client.api.PollingProcessor       : Stopping PollingProcessor
2024-07-22T14:47:31.644+05:30  INFO 60314 --- [demo-harness] [     PollThread] i.h.cf.client.api.PollingProcessor       : PollingProcessor initialized
2024-07-22T14:47:31.645+05:30  INFO 60314 --- [demo-harness] [     AuthThread] i.h.cf.client.connector.LocalConnector   : FileWatcherService started
2024-07-22T14:47:31.645+05:30 DEBUG 60314 --- [demo-harness] [     PollThread] io.harness.cf.client.api.InnerClient     : PollingProcessor ready
2024-07-22T14:47:31.645+05:30 DEBUG 60314 --- [demo-harness] [     AuthThread] io.harness.cf.client.api.InnerClient     : Analytics enabled, start metrics processor
2024-07-22T14:47:31.645+05:30  INFO 60314 --- [demo-harness] [     PollThread] io.harness.cf.client.common.SdkCodes     : SDKCODE(init:1000): The SDK has successfully initialized 
2024-07-22T14:47:31.645+05:30  INFO 60314 --- [demo-harness] [     AuthThread] io.harness.cf.client.common.SdkCodes     : SDKCODE(metric:7000): Metrics thread started, intervalMs: 60000
2024-07-22T14:47:31.645+05:30  INFO 60314 --- [demo-harness] [     AuthThread] io.harness.cf.client.api.AuthService     : Stopping Auth service
2024-07-22T14:47:31.645+05:30 DEBUG 60314 --- [demo-harness] [     AuthThread] io.harness.cf.client.api.AuthService     : authentication job done
2024-07-22T14:47:31.840+05:30  INFO 60314 --- [demo-harness] [           main] c.e.d.DemoHarnessApplicationTests        : Started DemoHarnessApplicationTests in 0.692 seconds (process running for 1.838)
]]></system-out>
  </testcase>
</testsuite>